<?xml version="1.0" encoding="UTF-8"?>
<!-- Generated by org.testng.reporters.JUnitReportReporter -->
<testsuite hostname="LT-sra" failures="0" tests="1" name="AutomationTestCases.RegisterUser" time="42.170" errors="0" timestamp="2023-11-28T17:52:19 PKT" skipped="0">
  <testcase classname="AutomationTestCases.RegisterUser" name="UserFlow" time="42.170"/>
  <system-out/>
</testsuite> <!-- AutomationTestCases.RegisterUser -->
