<?xml version="1.0" encoding="UTF-8"?>
<!-- Generated by org.testng.reporters.JUnitReportReporter -->
<testsuite hostname="LT-sra" failures="0" tests="1" name="AutomationTestCases.RegisterUser" time="8.465" errors="0" timestamp="2023-11-21T16:15:08 PKT" skipped="0">
  <testcase classname="AutomationTestCases.RegisterUser" name="Login" time="8.465"/>
  <system-out/>
</testsuite> <!-- AutomationTestCases.RegisterUser -->
